<?xml version="1.0" encoding="UTF-8"?>
<coverage generated="1480170245">
  <project timestamp="1480170245">
    <package name="wappr">
      <file name="/home/levi/PhpstormProjects/logger/src/LogFilename.php">
        <class name="LogFilename" namespace="wappr">
          <metrics complexity="1" methods="1" coveredmethods="1" conditionals="0" coveredconditionals="0" statements="1" coveredstatements="1" elements="2" coveredelements="2"/>
        </class>
        <line num="18" type="method" name="create" visibility="public" complexity="1" crap="1" count="5"/>
        <line num="20" type="stmt" count="5"/>
        <metrics loc="22" ncloc="11" classes="1" methods="1" coveredmethods="1" conditionals="0" coveredconditionals="0" statements="1" coveredstatements="1" elements="2" coveredelements="2"/>
      </file>
      <file name="/home/levi/PhpstormProjects/logger/src/LogFormat.php">
        <class name="LogFormat" namespace="wappr">
          <metrics complexity="3" methods="2" coveredmethods="2" conditionals="0" coveredconditionals="0" statements="6" coveredstatements="6" elements="8" coveredelements="8"/>
        </class>
        <line num="24" type="method" name="__construct" visibility="public" complexity="2" crap="2" count="4"/>
        <line num="27" type="stmt" count="4"/>
        <line num="30" type="stmt" count="4"/>
        <line num="34" type="stmt" count="4"/>
        <line num="35" type="stmt" count="1"/>
        <line num="37" type="stmt" count="4"/>
        <line num="42" type="method" name="message" visibility="public" complexity="1" crap="1" count="4"/>
        <line num="44" type="stmt" count="4"/>
        <metrics loc="46" ncloc="20" classes="1" methods="2" coveredmethods="2" conditionals="0" coveredconditionals="0" statements="6" coveredstatements="6" elements="8" coveredelements="8"/>
      </file>
      <file name="/home/levi/PhpstormProjects/logger/src/Logger.php">
        <class name="Logger" namespace="wappr">
          <metrics complexity="5" methods="4" coveredmethods="4" conditionals="0" coveredconditionals="0" statements="12" coveredstatements="12" elements="16" coveredelements="16"/>
        </class>
        <line num="59" type="method" name="__construct" visibility="public" complexity="1" crap="1" count="6"/>
        <line num="61" type="stmt" count="6"/>
        <line num="62" type="stmt" count="6"/>
        <line num="63" type="stmt" count="6"/>
        <line num="74" type="method" name="log" visibility="public" complexity="2" crap="2" count="5"/>
        <line num="77" type="stmt" count="5"/>
        <line num="79" type="stmt" count="4"/>
        <line num="82" type="stmt" count="4"/>
        <line num="85" type="stmt" count="4"/>
        <line num="87" type="stmt" count="5"/>
        <line num="89" type="method" name="setFilenameFormat" visibility="public" complexity="1" crap="1" count="1"/>
        <line num="91" type="stmt" count="1"/>
        <line num="92" type="stmt" count="1"/>
        <line num="94" type="method" name="setFilenameExtension" visibility="public" complexity="1" crap="1" count="1"/>
        <line num="96" type="stmt" count="1"/>
        <line num="97" type="stmt" count="1"/>
        <metrics loc="98" ncloc="52" classes="1" methods="4" coveredmethods="4" conditionals="0" coveredconditionals="0" statements="12" coveredstatements="12" elements="16" coveredelements="16"/>
      </file>
    </package>
    <metrics files="3" loc="166" ncloc="83" classes="3" methods="7" coveredmethods="7" conditionals="0" coveredconditionals="0" statements="19" coveredstatements="19" elements="26" coveredelements="26"/>
  </project>
</coverage>
