<?xml version="1.0" encoding="UTF-8"?>
<coverage generated="1480136462">
  <project timestamp="1480136462">
    <package name="wappr">
      <file name="/home/levi/PhpstormProjects/logger/src/LogFormat.php">
        <class name="LogFormat" namespace="wappr">
          <metrics complexity="4" methods="3" coveredmethods="3" conditionals="0" coveredconditionals="0" statements="8" coveredstatements="8" elements="11" coveredelements="11"/>
        </class>
        <line num="31" type="method" name="__construct" visibility="public" complexity="2" crap="2" count="3"/>
        <line num="34" type="stmt" count="3"/>
        <line num="37" type="stmt" count="3"/>
        <line num="40" type="stmt" count="3"/>
        <line num="44" type="stmt" count="3"/>
        <line num="45" type="stmt" count="1"/>
        <line num="47" type="stmt" count="3"/>
        <line num="52" type="method" name="filename" visibility="public" complexity="1" crap="1" count="3"/>
        <line num="54" type="stmt" count="3"/>
        <line num="60" type="method" name="message" visibility="public" complexity="1" crap="1" count="3"/>
        <line num="62" type="stmt" count="3"/>
        <metrics loc="64" ncloc="28" classes="1" methods="3" coveredmethods="3" conditionals="0" coveredconditionals="0" statements="8" coveredstatements="8" elements="11" coveredelements="11"/>
      </file>
      <file name="/home/levi/PhpstormProjects/logger/src/Logger.php">
        <class name="Logger" namespace="wappr">
          <metrics complexity="3" methods="2" coveredmethods="2" conditionals="0" coveredconditionals="0" statements="7" coveredstatements="7" elements="9" coveredelements="9"/>
        </class>
        <line num="55" type="method" name="__construct" visibility="public" complexity="1" crap="1" count="5"/>
        <line num="57" type="stmt" count="5"/>
        <line num="58" type="stmt" count="5"/>
        <line num="59" type="stmt" count="5"/>
        <line num="70" type="method" name="log" visibility="public" complexity="2" crap="2" count="4"/>
        <line num="73" type="stmt" count="4"/>
        <line num="75" type="stmt" count="3"/>
        <line num="78" type="stmt" count="3"/>
        <line num="80" type="stmt" count="4"/>
        <metrics loc="81" ncloc="37" classes="1" methods="2" coveredmethods="2" conditionals="0" coveredconditionals="0" statements="7" coveredstatements="7" elements="9" coveredelements="9"/>
      </file>
    </package>
    <metrics files="2" loc="145" ncloc="65" classes="2" methods="5" coveredmethods="5" conditionals="0" coveredconditionals="0" statements="15" coveredstatements="15" elements="20" coveredelements="20"/>
  </project>
</coverage>
